mode: set
github.com/tschenhau/celeritas/celeritas.go:37.48,44.16 3 0
github.com/tschenhau/celeritas/celeritas.go:44.16,46.3 1 0
github.com/tschenhau/celeritas/celeritas.go:47.2,48.16 2 0
github.com/tschenhau/celeritas/celeritas.go:48.16,50.3 1 0
github.com/tschenhau/celeritas/celeritas.go:52.2,53.16 2 0
github.com/tschenhau/celeritas/celeritas.go:53.16,55.3 1 0
github.com/tschenhau/celeritas/celeritas.go:58.2,79.12 12 0
github.com/tschenhau/celeritas/celeritas.go:83.38,95.2 4 0
github.com/tschenhau/celeritas/celeritas.go:97.45,99.37 2 0
github.com/tschenhau/celeritas/celeritas.go:99.37,102.17 2 0
github.com/tschenhau/celeritas/celeritas.go:102.17,104.4 1 0
github.com/tschenhau/celeritas/celeritas.go:106.2,106.12 1 0
github.com/tschenhau/celeritas/celeritas.go:109.52,111.16 2 0
github.com/tschenhau/celeritas/celeritas.go:111.16,113.3 1 0
github.com/tschenhau/celeritas/celeritas.go:114.2,114.12 1 0
github.com/tschenhau/celeritas/celeritas.go:117.63,125.2 5 0
github.com/tschenhau/celeritas/celeritas.go:127.38,136.2 2 0
github.com/tschenhau/celeritas/helpers.go:5.60,7.49 2 0
github.com/tschenhau/celeritas/helpers.go:7.49,9.17 2 0
github.com/tschenhau/celeritas/helpers.go:9.17,11.4 1 0
github.com/tschenhau/celeritas/helpers.go:14.2,14.12 1 0
github.com/tschenhau/celeritas/helpers.go:17.61,19.24 2 0
github.com/tschenhau/celeritas/helpers.go:19.24,21.17 2 0
github.com/tschenhau/celeritas/helpers.go:21.17,23.4 1 0
github.com/tschenhau/celeritas/helpers.go:24.3,24.29 1 0
github.com/tschenhau/celeritas/helpers.go:24.29,26.4 1 0
github.com/tschenhau/celeritas/helpers.go:28.2,28.12 1 0
github.com/tschenhau/celeritas/routes.go:10.43,14.13 4 0
github.com/tschenhau/celeritas/routes.go:14.13,16.3 1 0
github.com/tschenhau/celeritas/routes.go:17.2,19.12 2 0
github.com/tschenhau/celeritas/render/render.go:35.111,36.37 1 1
github.com/tschenhau/celeritas/render/render.go:37.12,38.36 1 1
github.com/tschenhau/celeritas/render/render.go:39.13,40.48 1 1
github.com/tschenhau/celeritas/render/render.go:41.10,41.10 0 1
github.com/tschenhau/celeritas/render/render.go:44.2,44.52 1 1
github.com/tschenhau/celeritas/render/render.go:48.102,50.16 2 1
github.com/tschenhau/celeritas/render/render.go:50.16,52.3 1 1
github.com/tschenhau/celeritas/render/render.go:54.2,55.17 2 1
github.com/tschenhau/celeritas/render/render.go:55.17,57.3 1 0
github.com/tschenhau/celeritas/render/render.go:59.2,60.16 2 1
github.com/tschenhau/celeritas/render/render.go:60.16,62.3 1 0
github.com/tschenhau/celeritas/render/render.go:64.2,64.12 1 1
github.com/tschenhau/celeritas/render/render.go:68.122,71.22 2 1
github.com/tschenhau/celeritas/render/render.go:71.22,73.3 1 1
github.com/tschenhau/celeritas/render/render.go:73.8,75.3 1 0
github.com/tschenhau/celeritas/render/render.go:77.2,78.17 2 1
github.com/tschenhau/celeritas/render/render.go:78.17,80.3 1 0
github.com/tschenhau/celeritas/render/render.go:82.2,83.16 2 1
github.com/tschenhau/celeritas/render/render.go:83.16,86.3 2 1
github.com/tschenhau/celeritas/render/render.go:88.2,88.46 1 1
github.com/tschenhau/celeritas/render/render.go:88.46,91.3 2 0
github.com/tschenhau/celeritas/render/render.go:92.2,92.12 1 1
